<?xml version="1.0" encoding="UTF-8"?>
<testsuite name="Academy Choucair" tests="1" skipped="0" failures="0" errors="0" timestamp="2021-06-12T03:31:38" hostname="Jhon-PM" time="24.646">
  <properties/>
  <testcase name="Search for a automation course" classname="Academy Choucair" time="24.646"/>
  <system-out><![CDATA[]]></system-out>
  <system-err><![CDATA[[Test worker] WARN net.thucydides.core.steps.BaseStepListener - stepStarted: net.thucydides.core.steps.ExecutedStepDescription@3f41ba7c
[Test worker] WARN net.thucydides.core.steps.BaseStepListener - stepStarted: net.thucydides.core.steps.ExecutedStepDescription@692c467
[Test worker] WARN net.thucydides.core.steps.BaseStepListener - stepStarted: net.thucydides.core.steps.ExecutedStepDescription@47edeeb5
jun 11, 2021 10:31:39 PM org.openqa.selenium.remote.DesiredCapabilities chrome
INFORMACIÓN: Using `new ChromeOptions()` is preferred to `DesiredCapabilities.chrome()`
[Test worker] INFO net.serenitybdd.core.webdriver.driverproviders.ProvideNewDriver - Instantiating driver
[Test worker] INFO net.serenitybdd.core.webdriver.driverproviders.ProvideNewDriver - Driver capabilities: Capabilities {acceptInsecureCerts: false, browserName: chrome, chrome.switches: --start-maximized, goog:chromeOptions: {args: [--start-maximized], extensions: []}, loggingPrefs: org.openqa.selenium.logging..., platform: ANY, version: }
Starting ChromeDriver 91.0.4472.19 (1bf021f248676a0b2ab3ee0561d83a59e424c23e-refs/branch-heads/4472@{#288}) on port 32635
Only local connections are allowed.
Please see https://chromedriver.chromium.org/security-considerations for suggestions on keeping ChromeDriver safe.
ChromeDriver was started successfully.
jun 11, 2021 10:31:42 PM org.openqa.selenium.remote.ProtocolHandshake createSession
INFORMACIÓN: Detected dialect: W3C
[Test worker] WARN net.thucydides.core.steps.BaseStepListener - stepFinished: current outcome:Search for a automation course:Given than brandon wants to learn automation at the academy Choucair
| strUser | strPassword |
| 1120216657 | Choucair2021* | [Brandon open up [Brandon opens the Choucair academy page]]
[Test worker] WARN net.thucydides.core.steps.BaseStepListener - stepFinished: current outcome:Search for a automation course:Given than brandon wants to learn automation at the academy Choucair
| strUser | strPassword |
| 1120216657 | Choucair2021* | [Brandon open up [Brandon opens the Choucair academy page]]
[Test worker] WARN net.thucydides.core.steps.BaseStepListener - stepStarted: net.thucydides.core.steps.ExecutedStepDescription@61b147ab
[Test worker] WARN net.thucydides.core.steps.BaseStepListener - stepStarted: net.thucydides.core.steps.ExecutedStepDescription@5ecf124f
[Test worker] WARN net.thucydides.core.steps.BaseStepListener - stepFinished: current outcome:Search for a automation course:Given than brandon wants to learn automation at the academy Choucair
| strUser | strPassword |
| 1120216657 | Choucair2021* | [Brandon open up [Brandon opens the Choucair academy page], Brandon login [Brandon clicks on button that shows us the form to login]]
[Test worker] WARN net.thucydides.core.steps.BaseStepListener - stepStarted: net.thucydides.core.steps.ExecutedStepDescription@42530c9
[Test worker] WARN net.thucydides.core.steps.BaseStepListener - stepFinished: current outcome:Search for a automation course:Given than brandon wants to learn automation at the academy Choucair
| strUser | strPassword |
| 1120216657 | Choucair2021* | [Brandon open up [Brandon opens the Choucair academy page], Brandon login [Brandon clicks on button that shows us the form to login, Brandon enters '1120216657' into Where do we write the user]]
[Test worker] WARN net.thucydides.core.steps.BaseStepListener - stepStarted: net.thucydides.core.steps.ExecutedStepDescription@101d2ce0
[Test worker] WARN net.thucydides.core.steps.BaseStepListener - stepFinished: current outcome:Search for a automation course:Given than brandon wants to learn automation at the academy Choucair
| strUser | strPassword |
| 1120216657 | Choucair2021* | [Brandon open up [Brandon opens the Choucair academy page], Brandon login [Brandon clicks on button that shows us the form to login, Brandon enters '1120216657' into Where do we write the user, Brandon enters 'Choucair2021*' into Where do we write the password]]
[Test worker] WARN net.thucydides.core.steps.BaseStepListener - stepStarted: net.thucydides.core.steps.ExecutedStepDescription@b564d60
[Test worker] WARN net.thucydides.core.steps.BaseStepListener - stepFinished: current outcome:Search for a automation course:Given than brandon wants to learn automation at the academy Choucair
| strUser | strPassword |
| 1120216657 | Choucair2021* | [Brandon open up [Brandon opens the Choucair academy page], Brandon login [Brandon clicks on button that shows us the form to login, Brandon enters '1120216657' into Where do we write the user, Brandon enters 'Choucair2021*' into Where do we write the password, Brandon clicks on Button to confirm login]]
[Test worker] WARN net.thucydides.core.steps.BaseStepListener - stepFinished: current outcome:Search for a automation course:Given than brandon wants to learn automation at the academy Choucair
| strUser | strPassword |
| 1120216657 | Choucair2021* | [Brandon open up [Brandon opens the Choucair academy page], Brandon login [Brandon clicks on button that shows us the form to login, Brandon enters '1120216657' into Where do we write the user, Brandon enters 'Choucair2021*' into Where do we write the password, Brandon clicks on Button to confirm login]]
[Test worker] WARN net.thucydides.core.steps.BaseStepListener - stepFinished: current outcome:Search for a automation course:Given than brandon wants to learn automation at the academy Choucair
| strUser | strPassword |
| 1120216657 | Choucair2021* | [Brandon open up [Brandon opens the Choucair academy page], Brandon login [Brandon clicks on button that shows us the form to login, Brandon enters '1120216657' into Where do we write the user, Brandon enters 'Choucair2021*' into Where do we write the password, Brandon clicks on Button to confirm login]]
[Test worker] WARN net.thucydides.core.steps.BaseStepListener - stepStarted: net.thucydides.core.steps.ExecutedStepDescription@638c3903
[Test worker] WARN net.thucydides.core.steps.BaseStepListener - stepStarted: net.thucydides.core.steps.ExecutedStepDescription@49d3a93
[Test worker] WARN net.thucydides.core.steps.BaseStepListener - stepStarted: net.thucydides.core.steps.ExecutedStepDescription@5f7eaf75
[Test worker] WARN net.thucydides.core.steps.BaseStepListener - stepFinished: current outcome:Search for a automation course:Given than brandon wants to learn automation at the academy Choucair
| strUser | strPassword |
| 1120216657 | Choucair2021* | [Brandon open up [Brandon opens the Choucair academy page], Brandon login [Brandon clicks on button that shows us the form to login, Brandon enters '1120216657' into Where do we write the user, Brandon enters 'Choucair2021*' into Where do we write the password, Brandon clicks on Button to confirm login]], When he search for the course on the choucair academy platform
| strCourse |
| Foundation Express | [Brandon search [Brandon clicks on Selecciona la cursos y certificaciones]]
[Test worker] WARN net.thucydides.core.steps.BaseStepListener - stepStarted: net.thucydides.core.steps.ExecutedStepDescription@1b18cabf
[Test worker] WARN net.thucydides.core.steps.BaseStepListener - stepFinished: current outcome:Search for a automation course:Given than brandon wants to learn automation at the academy Choucair
| strUser | strPassword |
| 1120216657 | Choucair2021* | [Brandon open up [Brandon opens the Choucair academy page], Brandon login [Brandon clicks on button that shows us the form to login, Brandon enters '1120216657' into Where do we write the user, Brandon enters 'Choucair2021*' into Where do we write the password, Brandon clicks on Button to confirm login]], When he search for the course on the choucair academy platform
| strCourse |
| Foundation Express | [Brandon search [Brandon clicks on Selecciona la cursos y certificaciones, Brandon enters 'Foundation Express' into Buscar el curso]]
[Test worker] WARN net.thucydides.core.steps.BaseStepListener - stepStarted: net.thucydides.core.steps.ExecutedStepDescription@35244a04
[Test worker] WARN net.thucydides.core.steps.BaseStepListener - stepFinished: current outcome:Search for a automation course:Given than brandon wants to learn automation at the academy Choucair
| strUser | strPassword |
| 1120216657 | Choucair2021* | [Brandon open up [Brandon opens the Choucair academy page], Brandon login [Brandon clicks on button that shows us the form to login, Brandon enters '1120216657' into Where do we write the user, Brandon enters 'Choucair2021*' into Where do we write the password, Brandon clicks on Button to confirm login]], When he search for the course on the choucair academy platform
| strCourse |
| Foundation Express | [Brandon search [Brandon clicks on Selecciona la cursos y certificaciones, Brandon enters 'Foundation Express' into Buscar el curso, Brandon clicks on Da click para buscar el curso]]
[Test worker] WARN net.thucydides.core.steps.BaseStepListener - stepStarted: net.thucydides.core.steps.ExecutedStepDescription@20409df9
[Test worker] WARN net.thucydides.core.steps.BaseStepListener - stepFinished: current outcome:Search for a automation course:Given than brandon wants to learn automation at the academy Choucair
| strUser | strPassword |
| 1120216657 | Choucair2021* | [Brandon open up [Brandon opens the Choucair academy page], Brandon login [Brandon clicks on button that shows us the form to login, Brandon enters '1120216657' into Where do we write the user, Brandon enters 'Choucair2021*' into Where do we write the password, Brandon clicks on Button to confirm login]], When he search for the course on the choucair academy platform
| strCourse |
| Foundation Express | [Brandon search [Brandon clicks on Selecciona la cursos y certificaciones, Brandon enters 'Foundation Express' into Buscar el curso, Brandon clicks on Da click para buscar el curso, Brandon clicks on Da click para buscar el curso]]
[Test worker] WARN net.thucydides.core.steps.BaseStepListener - stepFinished: current outcome:Search for a automation course:Given than brandon wants to learn automation at the academy Choucair
| strUser | strPassword |
| 1120216657 | Choucair2021* | [Brandon open up [Brandon opens the Choucair academy page], Brandon login [Brandon clicks on button that shows us the form to login, Brandon enters '1120216657' into Where do we write the user, Brandon enters 'Choucair2021*' into Where do we write the password, Brandon clicks on Button to confirm login]], When he search for the course on the choucair academy platform
| strCourse |
| Foundation Express | [Brandon search [Brandon clicks on Selecciona la cursos y certificaciones, Brandon enters 'Foundation Express' into Buscar el curso, Brandon clicks on Da click para buscar el curso, Brandon clicks on Da click para buscar el curso]]
[Test worker] WARN net.thucydides.core.steps.BaseStepListener - stepFinished: current outcome:Search for a automation course:Given than brandon wants to learn automation at the academy Choucair
| strUser | strPassword |
| 1120216657 | Choucair2021* | [Brandon open up [Brandon opens the Choucair academy page], Brandon login [Brandon clicks on button that shows us the form to login, Brandon enters '1120216657' into Where do we write the user, Brandon enters 'Choucair2021*' into Where do we write the password, Brandon clicks on Button to confirm login]], When he search for the course on the choucair academy platform
| strCourse |
| Foundation Express | [Brandon search [Brandon clicks on Selecciona la cursos y certificaciones, Brandon enters 'Foundation Express' into Buscar el curso, Brandon clicks on Da click para buscar el curso, Brandon clicks on Da click para buscar el curso]]
[Test worker] WARN net.thucydides.core.steps.BaseStepListener - stepStarted: net.thucydides.core.steps.ExecutedStepDescription@31d3935f
[Test worker] WARN net.thucydides.core.steps.BaseStepListener - stepStarted: net.thucydides.core.steps.ExecutedStepDescription@6796c71d
[Test worker] WARN net.thucydides.core.steps.BaseStepListener - stepFinished: current outcome:Search for a automation course:Given than brandon wants to learn automation at the academy Choucair
| strUser | strPassword |
| 1120216657 | Choucair2021* | [Brandon open up [Brandon opens the Choucair academy page], Brandon login [Brandon clicks on button that shows us the form to login, Brandon enters '1120216657' into Where do we write the user, Brandon enters 'Choucair2021*' into Where do we write the password, Brandon clicks on Button to confirm login]], When he search for the course on the choucair academy platform
| strCourse |
| Foundation Express | [Brandon search [Brandon clicks on Selecciona la cursos y certificaciones, Brandon enters 'Foundation Express' into Buscar el curso, Brandon clicks on Da click para buscar el curso, Brandon clicks on Da click para buscar el curso]], Then he finds the course called
| strCourse |
| Foundation Express | [Then answer]
[Test worker] WARN net.thucydides.core.steps.BaseStepListener - stepFinished: current outcome:Search for a automation course:Given than brandon wants to learn automation at the academy Choucair
| strUser | strPassword |
| 1120216657 | Choucair2021* | [Brandon open up [Brandon opens the Choucair academy page], Brandon login [Brandon clicks on button that shows us the form to login, Brandon enters '1120216657' into Where do we write the user, Brandon enters 'Choucair2021*' into Where do we write the password, Brandon clicks on Button to confirm login]], When he search for the course on the choucair academy platform
| strCourse |
| Foundation Express | [Brandon search [Brandon clicks on Selecciona la cursos y certificaciones, Brandon enters 'Foundation Express' into Buscar el curso, Brandon clicks on Da click para buscar el curso, Brandon clicks on Da click para buscar el curso]], Then he finds the course called
| strCourse |
| Foundation Express | [Then answer]
[Test worker] WARN net.thucydides.core.steps.BaseStepListener - testFinished: Search for a automation course:Given than brandon wants to learn automation at the academy Choucair
| strUser | strPassword |
| 1120216657 | Choucair2021* | [Brandon open up [Brandon opens the Choucair academy page], Brandon login [Brandon clicks on button that shows us the form to login, Brandon enters '1120216657' into Where do we write the user, Brandon enters 'Choucair2021*' into Where do we write the password, Brandon clicks on Button to confirm login]], When he search for the course on the choucair academy platform
| strCourse |
| Foundation Express | [Brandon search [Brandon clicks on Selecciona la cursos y certificaciones, Brandon enters 'Foundation Express' into Buscar el curso, Brandon clicks on Da click para buscar el curso, Brandon clicks on Da click para buscar el curso]], Then he finds the course called
| strCourse |
| Foundation Express | [Then answer]
[Test worker] WARN net.thucydides.core.steps.BaseStepListener - TestOutcomes: [Search for a automation course:Given than brandon wants to learn automation at the academy Choucair
| strUser | strPassword |
| 1120216657 | Choucair2021* | [Brandon open up [Brandon opens the Choucair academy page], Brandon login [Brandon clicks on button that shows us the form to login, Brandon enters '1120216657' into Where do we write the user, Brandon enters 'Choucair2021*' into Where do we write the password, Brandon clicks on Button to confirm login]], When he search for the course on the choucair academy platform
| strCourse |
| Foundation Express | [Brandon search [Brandon clicks on Selecciona la cursos y certificaciones, Brandon enters 'Foundation Express' into Buscar el curso, Brandon clicks on Da click para buscar el curso, Brandon clicks on Da click para buscar el curso]], Then he finds the course called
| strCourse |
| Foundation Express | [Then answer]]
[Test worker] WARN net.thucydides.core.steps.BaseStepListener - Final testOutcomes: [Search for a automation course:Given than brandon wants to learn automation at the academy Choucair
| strUser | strPassword |
| 1120216657 | Choucair2021* | [Brandon open up [Brandon opens the Choucair academy page], Brandon login [Brandon clicks on button that shows us the form to login, Brandon enters '1120216657' into Where do we write the user, Brandon enters 'Choucair2021*' into Where do we write the password, Brandon clicks on Button to confirm login]], When he search for the course on the choucair academy platform
| strCourse |
| Foundation Express | [Brandon search [Brandon clicks on Selecciona la cursos y certificaciones, Brandon enters 'Foundation Express' into Buscar el curso, Brandon clicks on Da click para buscar el curso, Brandon clicks on Da click para buscar el curso]], Then he finds the course called
| strCourse |
| Foundation Express | [Then answer]]
[Test worker] INFO net.thucydides.core.steps.ConsoleLoggingListener - 
        __    _____ _____ ____ _____   ____   _    ____  ____  _____ ____  
  _     \ \  |_   _| ____/ ___|_   _| |  _ \ / \  / ___|/ ___|| ____|  _ \ 
 (_)_____| |   | | |  _| \___ \ | |   | |_) / _ \ \___ \\___ \|  _| | | | |
  _|_____| |   | | | |___ ___) || |   |  __/ ___ \ ___) |___) | |___| |_| |
 (_)     | |   |_| |_____|____/ |_|   |_| /_/   \_\____/|____/|_____|____/ 
        /_/                                                                

TEST PASSED: Search for a automation course
----------------------------------------------------------------------------
]]></system-err>
</testsuite>
